18:48:09 **** Incremental Build of configuration Debug for project LCD_driver ****
make all 
Invoking: Print Size
avr-size --format=avr --mcu=atmega32 LCD_driver.elf
AVR Memory Usage
----------------
Device: atmega32

Program:    7744 bytes (23.6% Full)
(.text + .data + .bootloader)

Data:         34 bytes (1.7% Full)
(.data + .bss + .noinit)


Finished building: sizedummy
 
19:31:59 **** Incremental Build of configuration Debug for project LCD_driver ****
make all 
Building file: ../application.c
Invoking: AVR Compiler
avr-gcc -Wall -g2 -gstabs -O0 -fpack-struct -fshort-enums -ffunction-sections -fdata-sections -std=gnu99 -funsigned-char -funsigned-bitfields -mmcu=atmega32 -DF_CPU=16000000UL -MMD -MP -MF"application.d" -MT"application.o" -c -o "application.o" "../application.c"
In file included from ../application.c:9:
c:/winavr-20100110/lib/gcc/../../avr/include/util/delay.h:90:3: warning: #warning "Compiler optimizations disabled; functions from <util/delay.h> won't work as designed"
Finished building: ../application.c
 
Building file: ../gpio.c
Invoking: AVR Compiler
avr-gcc -Wall -g2 -gstabs -O0 -fpack-struct -fshort-enums -ffunction-sections -fdata-sections -std=gnu99 -funsigned-char -funsigned-bitfields -mmcu=atmega32 -DF_CPU=16000000UL -MMD -MP -MF"gpio.d" -MT"gpio.o" -c -o "gpio.o" "../gpio.c"
Finished building: ../gpio.c
 
Building file: ../lcd.c
Invoking: AVR Compiler
avr-gcc -Wall -g2 -gstabs -O0 -fpack-struct -fshort-enums -ffunction-sections -fdata-sections -std=gnu99 -funsigned-char -funsigned-bitfields -mmcu=atmega32 -DF_CPU=16000000UL -MMD -MP -MF"lcd.d" -MT"lcd.o" -c -o "lcd.o" "../lcd.c"
In file included from ../lcd.c:12:
c:/winavr-20100110/lib/gcc/../../avr/include/util/delay.h:90:3: warning: #warning "Compiler optimizations disabled; functions from <util/delay.h> won't work as designed"
../lcd.c: In function 'LCD_displayStringRowColumn':
../lcd.c:234: warning: pointer targets in passing argument 1 of 'LCD_displayString' differ in signedness
../lcd.c: In function 'LCD_intgerToString':
../lcd.c:247: warning: implicit declaration of function 'itoa'
../lcd.c:249: warning: pointer targets in passing argument 1 of 'LCD_displayString' differ in signedness
Finished building: ../lcd.c
 
Building target: LCD_driver.elf
Invoking: AVR C Linker
avr-gcc -Wl,-Map,LCD_driver.map -mmcu=atmega32 -o "LCD_driver.elf"  ./application.o ./gpio.o ./lcd.o   
Finished building target: LCD_driver.elf
 
Invoking: AVR Create Extended Listing
avr-objdump -h -S LCD_driver.elf  >"LCD_driver.lss"
Finished building: LCD_driver.lss
 
Invoking: Print Size
avr-size --format=avr --mcu=atmega32 LCD_driver.elf
AVR Memory Usage
----------------
Device: atmega32

Program:    7972 bytes (24.3% Full)
(.text + .data + .bootloader)

Data:         34 bytes (1.7% Full)
(.data + .bss + .noinit)


Finished building: sizedummy
 
19:32:04 **** Incremental Build of configuration Debug for project LCD_driver ****
make all 
Invoking: Print Size
avr-size --format=avr --mcu=atmega32 LCD_driver.elf
AVR Memory Usage
----------------
Device: atmega32

Program:    7972 bytes (24.3% Full)
(.text + .data + .bootloader)

Data:         34 bytes (1.7% Full)
(.data + .bss + .noinit)


Finished building: sizedummy
 
